<?xml version="1.0" encoding="UTF-8"?>
<!-- Generated by org.testng.reporters.JUnitXMLReporter -->
<testsuite ignored="0" hostname="LAPTOP-3AI9QJI2" failures="0" tests="3" name="Default test" time="1.565" errors="0" timestamp="2022-08-05T15:00:30 IST">
  <testcase classname="dataProvider.FetchDataFromExcelTest" name="fetchDataFromExcel" time="0.008"/>
  <testcase classname="dataProvider.FetchDataFromExcelTest" name="fetchDataFromExcel" time="0.002"/>
  <testcase classname="dataProvider.FetchDataFromExcelTest" name="fetchDataFromExcel" time="0.004"/>
</testsuite> <!-- Default test -->
