<?xml version="1.0" encoding="UTF-8" ?>
<testsuite tests="1" failures="1" name="TestSuite" time="29.69" errors="0" skipped="0">
  <properties>
[...]
</properties>
  <testcase classname="com.crm.vtiger.organization.CreateOrganization_ContactAndVerifyTest" name="createOrganizationAndContactAndVerify" time="29.69">
    <failure message="Failed to convert data to an object
Build info: version: &apos;4.3.0&apos;, revision: &apos;a4995e2c09*&apos;
System info: host: &apos;LAPTOP-3AI9QJI2&apos;, ip: &apos;192.168.209.162&apos;, os.name: &apos;Windows 10&apos;, os.arch: &apos;amd64&apos;, os.version: &apos;10.0&apos;, java.version: &apos;1.8.0_291&apos;
Driver info: org.openqa.selenium.firefox.FirefoxDriver
Command: [dda5fff9-a131-421f-a0d2-f90d8703c9f4, findElement {using=link text, value=More Information}]
Capabilities {acceptInsecureCerts: true, browserName: firefox, browserVersion: 102.0.1, moz:accessibilityChecks: false, moz:buildID: 20220705093820, moz:debuggerAddress: localhost:49392, moz:geckodriverVersion: 0.31.0, moz:headless: false, moz:processID: 14760, moz:profile: C:\Users\ARUN\AppData\Local..., moz:shutdownTimeout: 60000, moz:useNonSpecCompliantPointerOrigin: false, moz:webdriverClick: true, moz:windowless: false, pageLoadStrategy: normal, platformName: WINDOWS, platformVersion: 10.0, proxy: Proxy(), se:cdp: ws://localhost:49392/devtoo..., se:cdpVersion: 85.0, setWindowRect: true, strictFileInteractability: false, timeouts: {implicit: 0, pageLoad: 300000, script: 30000}, unhandledPromptBehavior: dismiss and notify}
Session ID: dda5fff9-a131-421f-a0d2-f90d8703c9f4" type="org.openqa.selenium.WebDriverException">org.openqa.selenium.WebDriverException: Failed to convert data to an object
Build info: version: &apos;4.3.0&apos;, revision: &apos;a4995e2c09*&apos;
System info: host: &apos;LAPTOP-3AI9QJI2&apos;, ip: &apos;192.168.209.162&apos;, os.name: &apos;Windows 10&apos;, os.arch: &apos;amd64&apos;, os.version: &apos;10.0&apos;, java.version: &apos;1.8.0_291&apos;
Driver info: org.openqa.selenium.firefox.FirefoxDriver
Command: [dda5fff9-a131-421f-a0d2-f90d8703c9f4, findElement {using=link text, value=More Information}]
Capabilities {acceptInsecureCerts: true, browserName: firefox, browserVersion: 102.0.1, moz:accessibilityChecks: false, moz:buildID: 20220705093820, moz:debuggerAddress: localhost:49392, moz:geckodriverVersion: 0.31.0, moz:headless: false, moz:processID: 14760, moz:profile: C:\Users\ARUN\AppData\Local..., moz:shutdownTimeout: 60000, moz:useNonSpecCompliantPointerOrigin: false, moz:webdriverClick: true, moz:windowless: false, pageLoadStrategy: normal, platformName: WINDOWS, platformVersion: 10.0, proxy: Proxy(), se:cdp: ws://localhost:49392/devtoo..., se:cdpVersion: 85.0, setWindowRect: true, strictFileInteractability: false, timeouts: {implicit: 0, pageLoad: 300000, script: 30000}, unhandledPromptBehavior: dismiss and notify}
Session ID: dda5fff9-a131-421f-a0d2-f90d8703c9f4
	at sun.reflect.NativeConstructorAccessorImpl.newInstance0(Native Method)
	at sun.reflect.NativeConstructorAccessorImpl.newInstance(NativeConstructorAccessorImpl.java:62)
	at sun.reflect.DelegatingConstructorAccessorImpl.newInstance(DelegatingConstructorAccessorImpl.java:45)
	at java.lang.reflect.Constructor.newInstance(Constructor.java:423)
	at org.openqa.selenium.remote.codec.w3c.W3CHttpResponseCodec.createException(W3CHttpResponseCodec.java:200)
	at org.openqa.selenium.remote.codec.w3c.W3CHttpResponseCodec.decode(W3CHttpResponseCodec.java:133)
	at org.openqa.selenium.remote.codec.w3c.W3CHttpResponseCodec.decode(W3CHttpResponseCodec.java:53)
	at org.openqa.selenium.remote.HttpCommandExecutor.execute(HttpCommandExecutor.java:184)
	at org.openqa.selenium.remote.service.DriverCommandExecutor.invokeExecute(DriverCommandExecutor.java:167)
	at org.openqa.selenium.remote.service.DriverCommandExecutor.execute(DriverCommandExecutor.java:142)
	at org.openqa.selenium.remote.RemoteWebDriver.execute(RemoteWebDriver.java:569)
	at org.openqa.selenium.remote.ElementLocation$ElementFinder$2.findElement(ElementLocation.java:162)
	at org.openqa.selenium.remote.ElementLocation.findElement(ElementLocation.java:60)
	at org.openqa.selenium.remote.RemoteWebDriver.findElement(RemoteWebDriver.java:387)
	at org.openqa.selenium.remote.RemoteWebDriver.findElement(RemoteWebDriver.java:379)
	at com.crm.vtiger.organization.CreateOrganization_ContactAndVerifyTest.createOrganizationAndContactAndVerify(CreateOrganization_ContactAndVerifyTest.java:97)
</failure>
    <system-out>Configuring TestNG with: org.apache.maven.surefire.testng.conf.TestNG652Configurator@5fe5c6f
VTiger Login Page is Displayed, PASS
VTiger Home page is displayed, PASS
Organization page is displayed
Create new organization page is displayed, PASS
</system-out>
    <system-err>SLF4J: Failed to load class &quot;org.slf4j.impl.StaticLoggerBinder&quot;.
SLF4J: Defaulting to no-operation (NOP) logger implementation
SLF4J: See http://www.slf4j.org/codes.html#StaticLoggerBinder for further details.
ERROR StatusLogger Log4j2 could not find a logging implementation. Please add log4j-core to the classpath. Using SimpleLogger to log to the console...
1658130274837	geckodriver	INFO	Listening on 127.0.0.1:64728
1658130275862	mozrunner::runner	INFO	Running command: &quot;C:\\Program Files\\Mozilla Firefox\\firefox.exe&quot; &quot;--marionette&quot; &quot;--remote-debugging-port&quot; &quot;49392&quot; &quot;--remote-allow-hosts&quot; &quot;localhost&quot; &quot;--remote-allow-origins&quot; &quot;http://localhost:49392/&quot; &quot;-no-remote&quot; &quot;-profile&quot; &quot;C:\\Users\\ARUN\\AppData\\Local\\Temp\\rust_mozprofilevCgHsl&quot;
1658130276293	Marionette	INFO	Marionette enabled
1658130276300	Marionette	INFO	Listening on port 57559
Read port: 57559
WebDriver BiDi listening on ws://localhost:49392
1658130276476	RemoteAgent	WARN	TLS certificate errors will be ignored for this session
console.warn: SearchSettings: &quot;get: No settings file exists, new profile?&quot; (new NotFoundError(&quot;Could not open the file at C:\\Users\\ARUN\\AppData\\Local\\Temp\\rust_mozprofilevCgHsl\\search.json.mozlz4&quot;, (void 0)))
DevTools listening on ws://localhost:49392/devtools/browser/ec54a673-b01d-4d3d-b565-ea25274efa56
Jul 18, 2022 1:14:38 PM org.openqa.selenium.remote.ProtocolHandshake createSession
INFO: Detected upstream dialect: W3C
console.warn: LoginRecipes: &quot;getRecipes: falling back to a synchronous message for:&quot; &quot;http://localhost:8888&quot;
console.warn: LoginRecipes: &quot;getRecipes: falling back to a synchronous message for:&quot; &quot;http://localhost:8888&quot;
JavaScript error: resource://gre/modules/LoginManagerParent.jsm, line 136: TypeError: gRecipeManager is null
JavaScript warning: http://localhost:8888/jscalendar/calendar.js, line 1695: unreachable code after return statement
console.warn: LoginRecipes: &quot;getRecipes: falling back to a synchronous message for:&quot; &quot;http://localhost:8888&quot;
JavaScript error: resource://gre/modules/LoginManagerParent.jsm, line 136: TypeError: gRecipeManager is null
1658130289694	Marionette	WARN	Ignoring event &apos;DOMContentLoaded&apos; because document has an invalid readyState of &apos;complete&apos;.
JavaScript warning: http://localhost:8888/jscalendar/calendar.js, line 1695: unreachable code after return statement
console.warn: LoginRecipes: &quot;getRecipes: falling back to a synchronous message for:&quot; &quot;http://localhost:8888&quot;
JavaScript error: resource://gre/modules/LoginManagerParent.jsm, line 136: TypeError: gRecipeManager is null
console.warn: LoginRecipes: &quot;getRecipes: falling back to a synchronous messageJavaScript  for:&quot; &quot;http://localhost:8888&quot;
error: resource://gre/modules/LoginManagerParent.jsm, line 136: TypeError: gRecipeManager is null
console.warn: LoginRecipes: &quot;getRecipes: falling back to a synchronous message for:&quot; Java&quot;http://localhost:8888&quot;
Script cerror: resource://gre/modules/LoginManagerParent.jsmo, line 136: TypeError: gRecipeManager is null
nsole.warn: LoginRecipes: &quot;getRecipes: falling back to a synchronous message for:&quot; &quot;http://localhost:8888&quot;
JavaScript error: resource://gre/modules/LoginManagerParent.jsm, line 136: TypeError: gRecipeManager is null
JavaScript warning: http://localhost:8888/jscalendar/calendar.js, line 1695: unreachable code after return statement
JavaScript warning: http://localhost:8888/jscalendar/calendar.js, line 1695: unreachable code after return statement
</system-err>
  </testcase>
</testsuite>