<?xml version="1.0" encoding="UTF-8"?>
<testng-results skipped="0" failed="0" total="1" passed="1">
  <reporter-output>
  </reporter-output>
  <suite name="Suite" duration-ms="37941" started-at="2022-08-01T07:17:18Z" finished-at="2022-08-01T07:17:56Z">
    <groups>
    </groups>
    <test name="Test" duration-ms="37941" started-at="2022-08-01T07:17:18Z" finished-at="2022-08-01T07:17:56Z">
      <class name="com.crm.vtiger.organization.CreateOrganization_ContactAndVerifyTest">
        <test-method status="PASS" signature="createOrganizationAndContactAndVerify()[pri:0, instance:com.crm.vtiger.organization.CreateOrganization_ContactAndVerifyTest@1d119efb]" name="createOrganizationAndContactAndVerify" duration-ms="37925" started-at="2022-08-01T12:47:18Z" finished-at="2022-08-01T12:47:56Z">
          <reporter-output>
          </reporter-output>
        </test-method> <!-- createOrganizationAndContactAndVerify -->
      </class> <!-- com.crm.vtiger.organization.CreateOrganization_ContactAndVerifyTest -->
    </test> <!-- Test -->
  </suite> <!-- Suite -->
</testng-results>
