<?xml version="1.0" encoding="UTF-8"?>
<testng-results ignored="0" total="1" passed="1" failed="0" skipped="0">
  <reporter-output>
  </reporter-output>
  <suite started-at="2022-07-12T21:36:15 IST" name="Default suite" finished-at="2022-07-12T21:36:44 IST" duration-ms="28876">
    <groups>
    </groups>
    <test started-at="2022-07-12T21:36:15 IST" name="Default test" finished-at="2022-07-12T21:36:44 IST" duration-ms="28876">
      <class name="vTiger.CreateOrganization_ContactAndVerify">
        <test-method signature="createOrganizationAndContactAndVerify()[pri:0, instance:vTiger.CreateOrganization_ContactAndVerify@6c1a5b54]" started-at="2022-07-12T21:36:15 IST" name="createOrganizationAndContactAndVerify" finished-at="2022-07-12T21:36:44 IST" duration-ms="28830" status="PASS">
          <reporter-output>
          </reporter-output>
        </test-method> <!-- createOrganizationAndContactAndVerify -->
      </class> <!-- vTiger.CreateOrganization_ContactAndVerify -->
    </test> <!-- Default test -->
  </suite> <!-- Default suite -->
</testng-results>
